<?xml version="1.0" encoding="UTF-8"?>
<!-- Generated by org.testng.reporters.JUnitReportReporter -->
<testsuite hostname="Avinash" name="GenaralStore_App.Ecm_Tc_4" tests="1" failures="0" timestamp="13 Jul 2020 13:09:27 GMT" time="80.984" errors="0">
  <testcase name="cartSum" time="80.984" classname="GenaralStore_App.Ecm_Tc_4"/>
</testsuite> <!-- GenaralStore_App.Ecm_Tc_4 -->
