<?xml version="1.0" encoding="UTF-8"?>
<!-- Generated by org.testng.reporters.JUnitReportReporter -->
<testsuite hostname="Avinash" name="GenaralStore_App.Ecm_Tc_4" tests="1" failures="0" timestamp="15 Jul 2020 17:33:23 GMT" time="47.486" errors="0">
  <testcase name="cartSum" time="47.486" classname="GenaralStore_App.Ecm_Tc_4"/>
</testsuite> <!-- GenaralStore_App.Ecm_Tc_4 -->
