<?xml version="1.0" encoding="UTF-8"?>
<!-- Generated by org.testng.reporters.JUnitReportReporter -->
<testsuite hostname="Avinash" name="GenaralStore_App.ttts" tests="1" failures="0" timestamp="15 Jul 2020 08:35:03 GMT" time="45.766" errors="0">
  <testcase name="testtre" time="45.766" classname="GenaralStore_App.ttts"/>
</testsuite> <!-- GenaralStore_App.ttts -->
